Project root: /home/rv/Documents/MICROWATT_HACKATHON_2025/MICROWATT_AXI_WISHBONE_APB_SOC
Logs -> /home/rv/Documents/MICROWATT_HACKATHON_2025/MICROWATT_AXI_WISHBONE_APB_SOC/verif/logs

Discovered 17 candidate test files:
 - verif/tb/test_apb.py
 - verif/tb/test_apb_wait_states.py
 - verif/tb/test_axi2wb.py
 - verif/tb/test_axi2wb_scoreboard.py
 - verif/tb/test_coverage_hooks.py
 - verif/tb/test_gpio.py
 - verif/tb/test_i2c.py
 - verif/tb/test_peripherals_integration.py
 - verif/tb/test_poweron_reset.py
 - verif/tb/test_pwm.py
 - verif/tb/test_random_transaction_stress.py
 - verif/tb/test_soc_smoke_extended.py
 - verif/tb/test_spi.py
 - verif/tb/test_sram.py
 - verif/tb/test_wb_to_apb.py
 - verif/tb/test_wishbone_contention.py
 - verif/tb/test_wishbone.py

=== Running MODULE=test_apb ===
Test file: verif/tb/test_apb.py
Log: /home/rv/Documents/MICROWATT_HACKATHON_2025/MICROWATT_AXI_WISHBONE_APB_SOC/verif/logs/test_apb.log
Command: make -C verif SIM=icarus TOPLEVEL=soc_top MODULE=test_apb
make: Entering directory '/home/rv/Documents/MICROWATT_HACKATHON_2025/MICROWATT_AXI_WISHBONE_APB_SOC/verif'
make: *** No targets.  Stop.
make: Leaving directory '/home/rv/Documents/MICROWATT_HACKATHON_2025/MICROWATT_AXI_WISHBONE_APB_SOC/verif'
make FAILED for test_apb. See /home/rv/Documents/MICROWATT_HACKATHON_2025/MICROWATT_AXI_WISHBONE_APB_SOC/verif/logs/test_apb.log
=== Running MODULE=test_apb_wait_states ===
Test file: verif/tb/test_apb_wait_states.py
Log: /home/rv/Documents/MICROWATT_HACKATHON_2025/MICROWATT_AXI_WISHBONE_APB_SOC/verif/logs/test_apb_wait_states.log
Command: make -C verif SIM=icarus TOPLEVEL=soc_top MODULE=test_apb_wait_states
make: Entering directory '/home/rv/Documents/MICROWATT_HACKATHON_2025/MICROWATT_AXI_WISHBONE_APB_SOC/verif'
make: *** No targets.  Stop.
make: Leaving directory '/home/rv/Documents/MICROWATT_HACKATHON_2025/MICROWATT_AXI_WISHBONE_APB_SOC/verif'
make FAILED for test_apb_wait_states. See /home/rv/Documents/MICROWATT_HACKATHON_2025/MICROWATT_AXI_WISHBONE_APB_SOC/verif/logs/test_apb_wait_states.log
=== Running MODULE=test_axi2wb ===
Test file: verif/tb/test_axi2wb.py
Log: /home/rv/Documents/MICROWATT_HACKATHON_2025/MICROWATT_AXI_WISHBONE_APB_SOC/verif/logs/test_axi2wb.log
Command: make -C verif SIM=icarus TOPLEVEL=soc_top MODULE=test_axi2wb
make: Entering directory '/home/rv/Documents/MICROWATT_HACKATHON_2025/MICROWATT_AXI_WISHBONE_APB_SOC/verif'
make: *** No targets.  Stop.
make: Leaving directory '/home/rv/Documents/MICROWATT_HACKATHON_2025/MICROWATT_AXI_WISHBONE_APB_SOC/verif'
make FAILED for test_axi2wb. See /home/rv/Documents/MICROWATT_HACKATHON_2025/MICROWATT_AXI_WISHBONE_APB_SOC/verif/logs/test_axi2wb.log
=== Running MODULE=test_axi2wb_scoreboard ===
Test file: verif/tb/test_axi2wb_scoreboard.py
Log: /home/rv/Documents/MICROWATT_HACKATHON_2025/MICROWATT_AXI_WISHBONE_APB_SOC/verif/logs/test_axi2wb_scoreboard.log
Command: make -C verif SIM=icarus TOPLEVEL=soc_top MODULE=test_axi2wb_scoreboard
make: Entering directory '/home/rv/Documents/MICROWATT_HACKATHON_2025/MICROWATT_AXI_WISHBONE_APB_SOC/verif'
make: *** No targets.  Stop.
make: Leaving directory '/home/rv/Documents/MICROWATT_HACKATHON_2025/MICROWATT_AXI_WISHBONE_APB_SOC/verif'
make FAILED for test_axi2wb_scoreboard. See /home/rv/Documents/MICROWATT_HACKATHON_2025/MICROWATT_AXI_WISHBONE_APB_SOC/verif/logs/test_axi2wb_scoreboard.log
=== Running MODULE=test_coverage_hooks ===
Test file: verif/tb/test_coverage_hooks.py
Log: /home/rv/Documents/MICROWATT_HACKATHON_2025/MICROWATT_AXI_WISHBONE_APB_SOC/verif/logs/test_coverage_hooks.log
Command: make -C verif SIM=icarus TOPLEVEL=soc_top MODULE=test_coverage_hooks
make: Entering directory '/home/rv/Documents/MICROWATT_HACKATHON_2025/MICROWATT_AXI_WISHBONE_APB_SOC/verif'
make: *** No targets.  Stop.
make: Leaving directory '/home/rv/Documents/MICROWATT_HACKATHON_2025/MICROWATT_AXI_WISHBONE_APB_SOC/verif'
make FAILED for test_coverage_hooks. See /home/rv/Documents/MICROWATT_HACKATHON_2025/MICROWATT_AXI_WISHBONE_APB_SOC/verif/logs/test_coverage_hooks.log
=== Running MODULE=test_gpio ===
Test file: verif/tb/test_gpio.py
Log: /home/rv/Documents/MICROWATT_HACKATHON_2025/MICROWATT_AXI_WISHBONE_APB_SOC/verif/logs/test_gpio.log
Command: make -C verif SIM=icarus TOPLEVEL=soc_top MODULE=test_gpio
make: Entering directory '/home/rv/Documents/MICROWATT_HACKATHON_2025/MICROWATT_AXI_WISHBONE_APB_SOC/verif'
make: *** No targets.  Stop.
make: Leaving directory '/home/rv/Documents/MICROWATT_HACKATHON_2025/MICROWATT_AXI_WISHBONE_APB_SOC/verif'
make FAILED for test_gpio. See /home/rv/Documents/MICROWATT_HACKATHON_2025/MICROWATT_AXI_WISHBONE_APB_SOC/verif/logs/test_gpio.log
=== Running MODULE=test_i2c ===
Test file: verif/tb/test_i2c.py
Log: /home/rv/Documents/MICROWATT_HACKATHON_2025/MICROWATT_AXI_WISHBONE_APB_SOC/verif/logs/test_i2c.log
Command: make -C verif SIM=icarus TOPLEVEL=soc_top MODULE=test_i2c
make: Entering directory '/home/rv/Documents/MICROWATT_HACKATHON_2025/MICROWATT_AXI_WISHBONE_APB_SOC/verif'
make: *** No targets.  Stop.
make: Leaving directory '/home/rv/Documents/MICROWATT_HACKATHON_2025/MICROWATT_AXI_WISHBONE_APB_SOC/verif'
make FAILED for test_i2c. See /home/rv/Documents/MICROWATT_HACKATHON_2025/MICROWATT_AXI_WISHBONE_APB_SOC/verif/logs/test_i2c.log
=== Running MODULE=test_peripherals_integration ===
Test file: verif/tb/test_peripherals_integration.py
Log: /home/rv/Documents/MICROWATT_HACKATHON_2025/MICROWATT_AXI_WISHBONE_APB_SOC/verif/logs/test_peripherals_integration.log
Command: make -C verif SIM=icarus TOPLEVEL=soc_top MODULE=test_peripherals_integration
make: Entering directory '/home/rv/Documents/MICROWATT_HACKATHON_2025/MICROWATT_AXI_WISHBONE_APB_SOC/verif'
make: *** No targets.  Stop.
make: Leaving directory '/home/rv/Documents/MICROWATT_HACKATHON_2025/MICROWATT_AXI_WISHBONE_APB_SOC/verif'
make FAILED for test_peripherals_integration. See /home/rv/Documents/MICROWATT_HACKATHON_2025/MICROWATT_AXI_WISHBONE_APB_SOC/verif/logs/test_peripherals_integration.log
=== Running MODULE=test_poweron_reset ===
Test file: verif/tb/test_poweron_reset.py
Log: /home/rv/Documents/MICROWATT_HACKATHON_2025/MICROWATT_AXI_WISHBONE_APB_SOC/verif/logs/test_poweron_reset.log
Command: make -C verif SIM=icarus TOPLEVEL=soc_top MODULE=test_poweron_reset
make: Entering directory '/home/rv/Documents/MICROWATT_HACKATHON_2025/MICROWATT_AXI_WISHBONE_APB_SOC/verif'
make: *** No targets.  Stop.
make: Leaving directory '/home/rv/Documents/MICROWATT_HACKATHON_2025/MICROWATT_AXI_WISHBONE_APB_SOC/verif'
make FAILED for test_poweron_reset. See /home/rv/Documents/MICROWATT_HACKATHON_2025/MICROWATT_AXI_WISHBONE_APB_SOC/verif/logs/test_poweron_reset.log
=== Running MODULE=test_pwm ===
Test file: verif/tb/test_pwm.py
Log: /home/rv/Documents/MICROWATT_HACKATHON_2025/MICROWATT_AXI_WISHBONE_APB_SOC/verif/logs/test_pwm.log
Command: make -C verif SIM=icarus TOPLEVEL=soc_top MODULE=test_pwm
make: Entering directory '/home/rv/Documents/MICROWATT_HACKATHON_2025/MICROWATT_AXI_WISHBONE_APB_SOC/verif'
make: *** No targets.  Stop.
make: Leaving directory '/home/rv/Documents/MICROWATT_HACKATHON_2025/MICROWATT_AXI_WISHBONE_APB_SOC/verif'
make FAILED for test_pwm. See /home/rv/Documents/MICROWATT_HACKATHON_2025/MICROWATT_AXI_WISHBONE_APB_SOC/verif/logs/test_pwm.log
=== Running MODULE=test_random_transaction_stress ===
Test file: verif/tb/test_random_transaction_stress.py
Log: /home/rv/Documents/MICROWATT_HACKATHON_2025/MICROWATT_AXI_WISHBONE_APB_SOC/verif/logs/test_random_transaction_stress.log
Command: make -C verif SIM=icarus TOPLEVEL=soc_top MODULE=test_random_transaction_stress
make: Entering directory '/home/rv/Documents/MICROWATT_HACKATHON_2025/MICROWATT_AXI_WISHBONE_APB_SOC/verif'
make: *** No targets.  Stop.
make: Leaving directory '/home/rv/Documents/MICROWATT_HACKATHON_2025/MICROWATT_AXI_WISHBONE_APB_SOC/verif'
make FAILED for test_random_transaction_stress. See /home/rv/Documents/MICROWATT_HACKATHON_2025/MICROWATT_AXI_WISHBONE_APB_SOC/verif/logs/test_random_transaction_stress.log
=== Running MODULE=test_soc_smoke_extended ===
Test file: verif/tb/test_soc_smoke_extended.py
Log: /home/rv/Documents/MICROWATT_HACKATHON_2025/MICROWATT_AXI_WISHBONE_APB_SOC/verif/logs/test_soc_smoke_extended.log
Command: make -C verif SIM=icarus TOPLEVEL=soc_top MODULE=test_soc_smoke_extended
make: Entering directory '/home/rv/Documents/MICROWATT_HACKATHON_2025/MICROWATT_AXI_WISHBONE_APB_SOC/verif'
make: *** No targets.  Stop.
make: Leaving directory '/home/rv/Documents/MICROWATT_HACKATHON_2025/MICROWATT_AXI_WISHBONE_APB_SOC/verif'
make FAILED for test_soc_smoke_extended. See /home/rv/Documents/MICROWATT_HACKATHON_2025/MICROWATT_AXI_WISHBONE_APB_SOC/verif/logs/test_soc_smoke_extended.log
=== Running MODULE=test_spi ===
Test file: verif/tb/test_spi.py
Log: /home/rv/Documents/MICROWATT_HACKATHON_2025/MICROWATT_AXI_WISHBONE_APB_SOC/verif/logs/test_spi.log
Command: make -C verif SIM=icarus TOPLEVEL=soc_top MODULE=test_spi
make: Entering directory '/home/rv/Documents/MICROWATT_HACKATHON_2025/MICROWATT_AXI_WISHBONE_APB_SOC/verif'
make: *** No targets.  Stop.
make: Leaving directory '/home/rv/Documents/MICROWATT_HACKATHON_2025/MICROWATT_AXI_WISHBONE_APB_SOC/verif'
make FAILED for test_spi. See /home/rv/Documents/MICROWATT_HACKATHON_2025/MICROWATT_AXI_WISHBONE_APB_SOC/verif/logs/test_spi.log
=== Running MODULE=test_sram ===
Test file: verif/tb/test_sram.py
Log: /home/rv/Documents/MICROWATT_HACKATHON_2025/MICROWATT_AXI_WISHBONE_APB_SOC/verif/logs/test_sram.log
Command: make -C verif SIM=icarus TOPLEVEL=soc_top MODULE=test_sram
make: Entering directory '/home/rv/Documents/MICROWATT_HACKATHON_2025/MICROWATT_AXI_WISHBONE_APB_SOC/verif'
make: *** No targets.  Stop.
make: Leaving directory '/home/rv/Documents/MICROWATT_HACKATHON_2025/MICROWATT_AXI_WISHBONE_APB_SOC/verif'
make FAILED for test_sram. See /home/rv/Documents/MICROWATT_HACKATHON_2025/MICROWATT_AXI_WISHBONE_APB_SOC/verif/logs/test_sram.log
=== Running MODULE=test_wb_to_apb ===
Test file: verif/tb/test_wb_to_apb.py
Log: /home/rv/Documents/MICROWATT_HACKATHON_2025/MICROWATT_AXI_WISHBONE_APB_SOC/verif/logs/test_wb_to_apb.log
Command: make -C verif SIM=icarus TOPLEVEL=soc_top MODULE=test_wb_to_apb
make: Entering directory '/home/rv/Documents/MICROWATT_HACKATHON_2025/MICROWATT_AXI_WISHBONE_APB_SOC/verif'
make: *** No targets.  Stop.
make: Leaving directory '/home/rv/Documents/MICROWATT_HACKATHON_2025/MICROWATT_AXI_WISHBONE_APB_SOC/verif'
make FAILED for test_wb_to_apb. See /home/rv/Documents/MICROWATT_HACKATHON_2025/MICROWATT_AXI_WISHBONE_APB_SOC/verif/logs/test_wb_to_apb.log
=== Running MODULE=test_wishbone_contention ===
Test file: verif/tb/test_wishbone_contention.py
Log: /home/rv/Documents/MICROWATT_HACKATHON_2025/MICROWATT_AXI_WISHBONE_APB_SOC/verif/logs/test_wishbone_contention.log
Command: make -C verif SIM=icarus TOPLEVEL=soc_top MODULE=test_wishbone_contention
make: Entering directory '/home/rv/Documents/MICROWATT_HACKATHON_2025/MICROWATT_AXI_WISHBONE_APB_SOC/verif'
make: *** No targets.  Stop.
make: Leaving directory '/home/rv/Documents/MICROWATT_HACKATHON_2025/MICROWATT_AXI_WISHBONE_APB_SOC/verif'
make FAILED for test_wishbone_contention. See /home/rv/Documents/MICROWATT_HACKATHON_2025/MICROWATT_AXI_WISHBONE_APB_SOC/verif/logs/test_wishbone_contention.log
=== Running MODULE=test_wishbone ===
Test file: verif/tb/test_wishbone.py
Log: /home/rv/Documents/MICROWATT_HACKATHON_2025/MICROWATT_AXI_WISHBONE_APB_SOC/verif/logs/test_wishbone.log
Command: make -C verif SIM=icarus TOPLEVEL=soc_top MODULE=test_wishbone
make: Entering directory '/home/rv/Documents/MICROWATT_HACKATHON_2025/MICROWATT_AXI_WISHBONE_APB_SOC/verif'
make: *** No targets.  Stop.
make: Leaving directory '/home/rv/Documents/MICROWATT_HACKATHON_2025/MICROWATT_AXI_WISHBONE_APB_SOC/verif'
make FAILED for test_wishbone. See /home/rv/Documents/MICROWATT_HACKATHON_2025/MICROWATT_AXI_WISHBONE_APB_SOC/verif/logs/test_wishbone.log

=== SUMMARY ===
Passed: 0
  
Failed: 17
  test_apb
  test_apb_wait_states
  test_axi2wb
  test_axi2wb_scoreboard
  test_coverage_hooks
  test_gpio
  test_i2c
  test_peripherals_integration
  test_poweron_reset
  test_pwm
  test_random_transaction_stress
  test_soc_smoke_extended
  test_spi
  test_sram
  test_wb_to_apb
  test_wishbone_contention
  test_wishbone

Inspect logs in /home/rv/Documents/MICROWATT_HACKATHON_2025/MICROWATT_AXI_WISHBONE_APB_SOC/verif/logs for failing modules.
Common fixes: ensure iverilog/vvp/cocotb installed; confirm TOPLEVEL (soc_top) is correct.

Full summary written to /home/rv/Documents/MICROWATT_HACKATHON_2025/MICROWATT_AXI_WISHBONE_APB_SOC/verif/logs/summary.txt
